<?xml version="1.0" encoding="UTF-8"?>
<testng-results ignored="0" total="21" passed="18" failed="3" skipped="0">
  <reporter-output>
  </reporter-output>
  <suite started-at="2024-03-19T11:10:07 IST" name="Default suite" finished-at="2024-03-19T11:19:17 IST" duration-ms="550593">
    <groups>
    </groups>
    <test started-at="2024-03-19T11:10:07 IST" name="Default test" finished-at="2024-03-19T11:19:17 IST" duration-ms="550593">
      <class name="WelthSpring.NewTest">
        <test-method is-config="true" signature="browserlaunch()[pri:0, instance:WelthSpring.NewTest@6340e5f0]" started-at="2024-03-19T11:10:07 IST" name="browserlaunch" finished-at="2024-03-19T11:10:11 IST" duration-ms="3968" status="PASS">
          <reporter-output>
          </reporter-output>
        </test-method> <!-- browserlaunch -->
        <test-method signature="loginpage()[pri:0, instance:WelthSpring.NewTest@6340e5f0]" started-at="2024-03-19T11:10:11 IST" name="loginpage" finished-at="2024-03-19T11:10:39 IST" duration-ms="28332" status="PASS">
          <reporter-output>
          </reporter-output>
        </test-method> <!-- loginpage -->
        <test-method is-config="true" signature="browserclose()[pri:0, instance:WelthSpring.NewTest@6340e5f0]" started-at="2024-03-19T11:10:39 IST" name="browserclose" finished-at="2024-03-19T11:10:39 IST" duration-ms="289" status="PASS">
          <reporter-output>
          </reporter-output>
        </test-method> <!-- browserclose -->
        <test-method is-config="true" signature="browserlaunch()[pri:0, instance:WelthSpring.NewTest@6340e5f0]" started-at="2024-03-19T11:10:39 IST" name="browserlaunch" finished-at="2024-03-19T11:10:41 IST" duration-ms="1296" status="PASS">
          <reporter-output>
          </reporter-output>
        </test-method> <!-- browserlaunch -->
        <test-method signature="loginpage10()[pri:0, instance:WelthSpring.NewTest@6340e5f0]" started-at="2024-03-19T11:10:41 IST" name="loginpage10" finished-at="2024-03-19T11:10:49 IST" duration-ms="8230" status="FAIL">
          <exception class="org.openqa.selenium.ElementClickInterceptedException">
            <message>
              <![CDATA[element click intercepted: Element <a href="javascript:void(0)" class="gray">...</a> is not clickable at point (931, 452). Other element would receive the click: <div class="filter-section zIndexUpFourLevel">...</div>
  (Session info: chrome=122.0.6261.129)
Build info: version: '4.18.1', revision: 'b1d3319b48'
System info: os.name: 'Windows 10', os.arch: 'amd64', os.version: '10.0', java.version: '17.0.10'
Driver info: org.openqa.selenium.chrome.ChromeDriver
Command: [41f3ad9306caabc2495869e4d2836b51, clickElement {id=f.05FE0B11ED36E68D1926A2AC5498DF28.d.511F288D45040A113B346A6EEEF0AFE5.e.17}]
Capabilities {acceptInsecureCerts: false, browserName: chrome, browserVersion: 122.0.6261.129, chrome: {chromedriverVersion: 122.0.6261.128 (f18a44fedeb..., userDataDir: C:\Users\Anil\AppData\Local...}, fedcm:accounts: true, goog:chromeOptions: {debuggerAddress: localhost:57028}, networkConnectionEnabled: false, pageLoadStrategy: normal, platformName: windows, proxy: Proxy(), se:cdp: ws://localhost:57028/devtoo..., se:cdpVersion: 122.0.6261.129, setWindowRect: true, strictFileInteractability: false, timeouts: {implicit: 0, pageLoad: 300000, script: 30000}, unhandledPromptBehavior: dismiss and notify, webauthn:extension:credBlob: true, webauthn:extension:largeBlob: true, webauthn:extension:minPinLength: true, webauthn:extension:prf: true, webauthn:virtualAuthenticators: true}
Element: [[ChromeDriver: chrome on windows (41f3ad9306caabc2495869e4d2836b51)] -> xpath: //a[text()='Go to Report']]
Session ID: 41f3ad9306caabc2495869e4d2836b51]]>
            </message>
            <full-stacktrace>
              <![CDATA[org.openqa.selenium.ElementClickInterceptedException: element click intercepted: Element <a href="javascript:void(0)" class="gray">...</a> is not clickable at point (931, 452). Other element would receive the click: <div class="filter-section zIndexUpFourLevel">...</div>
  (Session info: chrome=122.0.6261.129)
Build info: version: '4.18.1', revision: 'b1d3319b48'
System info: os.name: 'Windows 10', os.arch: 'amd64', os.version: '10.0', java.version: '17.0.10'
Driver info: org.openqa.selenium.chrome.ChromeDriver
Command: [41f3ad9306caabc2495869e4d2836b51, clickElement {id=f.05FE0B11ED36E68D1926A2AC5498DF28.d.511F288D45040A113B346A6EEEF0AFE5.e.17}]
Capabilities {acceptInsecureCerts: false, browserName: chrome, browserVersion: 122.0.6261.129, chrome: {chromedriverVersion: 122.0.6261.128 (f18a44fedeb..., userDataDir: C:\Users\Anil\AppData\Local...}, fedcm:accounts: true, goog:chromeOptions: {debuggerAddress: localhost:57028}, networkConnectionEnabled: false, pageLoadStrategy: normal, platformName: windows, proxy: Proxy(), se:cdp: ws://localhost:57028/devtoo..., se:cdpVersion: 122.0.6261.129, setWindowRect: true, strictFileInteractability: false, timeouts: {implicit: 0, pageLoad: 300000, script: 30000}, unhandledPromptBehavior: dismiss and notify, webauthn:extension:credBlob: true, webauthn:extension:largeBlob: true, webauthn:extension:minPinLength: true, webauthn:extension:prf: true, webauthn:virtualAuthenticators: true}
Element: [[ChromeDriver: chrome on windows (41f3ad9306caabc2495869e4d2836b51)] -> xpath: //a[text()='Go to Report']]
Session ID: 41f3ad9306caabc2495869e4d2836b51
at java.base/jdk.internal.reflect.NativeConstructorAccessorImpl.newInstance0(Native Method)
at java.base/jdk.internal.reflect.NativeConstructorAccessorImpl.newInstance(NativeConstructorAccessorImpl.java:77)
at java.base/jdk.internal.reflect.DelegatingConstructorAccessorImpl.newInstance(DelegatingConstructorAccessorImpl.java:45)
at java.base/java.lang.reflect.Constructor.newInstanceWithCaller(Constructor.java:499)
at java.base/java.lang.reflect.Constructor.newInstance(Constructor.java:480)
at org.openqa.selenium.remote.ErrorCodec.decode(ErrorCodec.java:167)
at org.openqa.selenium.remote.codec.w3c.W3CHttpResponseCodec.decode(W3CHttpResponseCodec.java:138)
at org.openqa.selenium.remote.codec.w3c.W3CHttpResponseCodec.decode(W3CHttpResponseCodec.java:50)
at org.openqa.selenium.remote.HttpCommandExecutor.execute(HttpCommandExecutor.java:190)
at org.openqa.selenium.remote.service.DriverCommandExecutor.invokeExecute(DriverCommandExecutor.java:216)
at org.openqa.selenium.remote.service.DriverCommandExecutor.execute(DriverCommandExecutor.java:174)
at org.openqa.selenium.remote.RemoteWebDriver.execute(RemoteWebDriver.java:519)
at org.openqa.selenium.remote.RemoteWebElement.execute(RemoteWebElement.java:223)
at org.openqa.selenium.remote.RemoteWebElement.click(RemoteWebElement.java:76)
at WelthSpring.NewTest.loginpage10(NewTest.java:610)
at java.base/jdk.internal.reflect.NativeMethodAccessorImpl.invoke0(Native Method)
at java.base/jdk.internal.reflect.NativeMethodAccessorImpl.invoke(NativeMethodAccessorImpl.java:77)
at java.base/jdk.internal.reflect.DelegatingMethodAccessorImpl.invoke(DelegatingMethodAccessorImpl.java:43)
at java.base/java.lang.reflect.Method.invoke(Method.java:568)
at org.testng.internal.invokers.MethodInvocationHelper.invokeMethod(MethodInvocationHelper.java:139)
at org.testng.internal.invokers.TestInvoker.invokeMethod(TestInvoker.java:664)
at org.testng.internal.invokers.TestInvoker.invokeTestMethod(TestInvoker.java:228)
at org.testng.internal.invokers.MethodRunner.runInSequence(MethodRunner.java:63)
at org.testng.internal.invokers.TestInvoker$MethodInvocationAgent.invoke(TestInvoker.java:961)
at org.testng.internal.invokers.TestInvoker.invokeTestMethods(TestInvoker.java:201)
at org.testng.internal.invokers.TestMethodWorker.invokeTestMethods(TestMethodWorker.java:148)
at org.testng.internal.invokers.TestMethodWorker.run(TestMethodWorker.java:128)
at java.base/java.util.ArrayList.forEach(ArrayList.java:1511)
at org.testng.TestRunner.privateRun(TestRunner.java:819)
at org.testng.TestRunner.run(TestRunner.java:619)
at org.testng.SuiteRunner.runTest(SuiteRunner.java:443)
at org.testng.SuiteRunner.runSequentially(SuiteRunner.java:437)
at org.testng.SuiteRunner.privateRun(SuiteRunner.java:397)
at org.testng.SuiteRunner.run(SuiteRunner.java:336)
at org.testng.SuiteRunnerWorker.runSuite(SuiteRunnerWorker.java:52)
at org.testng.SuiteRunnerWorker.run(SuiteRunnerWorker.java:95)
at org.testng.TestNG.runSuitesSequentially(TestNG.java:1301)
at org.testng.TestNG.runSuitesLocally(TestNG.java:1228)
at org.testng.TestNG.runSuites(TestNG.java:1134)
at org.testng.TestNG.run(TestNG.java:1101)
at org.testng.remote.AbstractRemoteTestNG.run(AbstractRemoteTestNG.java:115)
at org.testng.remote.RemoteTestNG.initAndRun(RemoteTestNG.java:251)
at org.testng.remote.RemoteTestNG.main(RemoteTestNG.java:77)
]]>
            </full-stacktrace>
          </exception> <!-- org.openqa.selenium.ElementClickInterceptedException -->
          <reporter-output>
          </reporter-output>
        </test-method> <!-- loginpage10 -->
        <test-method is-config="true" signature="browserclose()[pri:0, instance:WelthSpring.NewTest@6340e5f0]" started-at="2024-03-19T11:10:49 IST" name="browserclose" finished-at="2024-03-19T11:10:49 IST" duration-ms="203" status="PASS">
          <reporter-output>
          </reporter-output>
        </test-method> <!-- browserclose -->
        <test-method is-config="true" signature="browserlaunch()[pri:0, instance:WelthSpring.NewTest@6340e5f0]" started-at="2024-03-19T11:10:49 IST" name="browserlaunch" finished-at="2024-03-19T11:10:51 IST" duration-ms="1372" status="PASS">
          <reporter-output>
          </reporter-output>
        </test-method> <!-- browserlaunch -->
        <test-method signature="loginpage11()[pri:0, instance:WelthSpring.NewTest@6340e5f0]" started-at="2024-03-19T11:10:51 IST" name="loginpage11" finished-at="2024-03-19T11:11:16 IST" duration-ms="25552" status="PASS">
          <reporter-output>
          </reporter-output>
        </test-method> <!-- loginpage11 -->
        <test-method is-config="true" signature="browserclose()[pri:0, instance:WelthSpring.NewTest@6340e5f0]" started-at="2024-03-19T11:11:16 IST" name="browserclose" finished-at="2024-03-19T11:11:16 IST" duration-ms="311" status="PASS">
          <reporter-output>
          </reporter-output>
        </test-method> <!-- browserclose -->
        <test-method is-config="true" signature="browserlaunch()[pri:0, instance:WelthSpring.NewTest@6340e5f0]" started-at="2024-03-19T11:11:16 IST" name="browserlaunch" finished-at="2024-03-19T11:11:18 IST" duration-ms="1284" status="PASS">
          <reporter-output>
          </reporter-output>
        </test-method> <!-- browserlaunch -->
        <test-method signature="loginpage12()[pri:0, instance:WelthSpring.NewTest@6340e5f0]" started-at="2024-03-19T11:11:18 IST" name="loginpage12" finished-at="2024-03-19T11:11:43 IST" duration-ms="25143" status="PASS">
          <reporter-output>
          </reporter-output>
        </test-method> <!-- loginpage12 -->
        <test-method is-config="true" signature="browserclose()[pri:0, instance:WelthSpring.NewTest@6340e5f0]" started-at="2024-03-19T11:11:43 IST" name="browserclose" finished-at="2024-03-19T11:11:43 IST" duration-ms="264" status="PASS">
          <reporter-output>
          </reporter-output>
        </test-method> <!-- browserclose -->
        <test-method is-config="true" signature="browserlaunch()[pri:0, instance:WelthSpring.NewTest@6340e5f0]" started-at="2024-03-19T11:11:43 IST" name="browserlaunch" finished-at="2024-03-19T11:11:44 IST" duration-ms="1203" status="PASS">
          <reporter-output>
          </reporter-output>
        </test-method> <!-- browserlaunch -->
        <test-method signature="loginpage13()[pri:0, instance:WelthSpring.NewTest@6340e5f0]" started-at="2024-03-19T11:11:44 IST" name="loginpage13" finished-at="2024-03-19T11:12:10 IST" duration-ms="25760" status="PASS">
          <reporter-output>
          </reporter-output>
        </test-method> <!-- loginpage13 -->
        <test-method is-config="true" signature="browserclose()[pri:0, instance:WelthSpring.NewTest@6340e5f0]" started-at="2024-03-19T11:12:10 IST" name="browserclose" finished-at="2024-03-19T11:12:10 IST" duration-ms="245" status="PASS">
          <reporter-output>
          </reporter-output>
        </test-method> <!-- browserclose -->
        <test-method is-config="true" signature="browserlaunch()[pri:0, instance:WelthSpring.NewTest@6340e5f0]" started-at="2024-03-19T11:12:10 IST" name="browserlaunch" finished-at="2024-03-19T11:12:11 IST" duration-ms="1198" status="PASS">
          <reporter-output>
          </reporter-output>
        </test-method> <!-- browserlaunch -->
        <test-method signature="loginpage14()[pri:0, instance:WelthSpring.NewTest@6340e5f0]" started-at="2024-03-19T11:12:11 IST" name="loginpage14" finished-at="2024-03-19T11:12:38 IST" duration-ms="26726" status="PASS">
          <reporter-output>
          </reporter-output>
        </test-method> <!-- loginpage14 -->
        <test-method is-config="true" signature="browserclose()[pri:0, instance:WelthSpring.NewTest@6340e5f0]" started-at="2024-03-19T11:12:38 IST" name="browserclose" finished-at="2024-03-19T11:12:38 IST" duration-ms="244" status="PASS">
          <reporter-output>
          </reporter-output>
        </test-method> <!-- browserclose -->
        <test-method is-config="true" signature="browserlaunch()[pri:0, instance:WelthSpring.NewTest@6340e5f0]" started-at="2024-03-19T11:12:38 IST" name="browserlaunch" finished-at="2024-03-19T11:12:40 IST" duration-ms="1218" status="PASS">
          <reporter-output>
          </reporter-output>
        </test-method> <!-- browserlaunch -->
        <test-method signature="loginpage15()[pri:0, instance:WelthSpring.NewTest@6340e5f0]" started-at="2024-03-19T11:12:40 IST" name="loginpage15" finished-at="2024-03-19T11:13:06 IST" duration-ms="26496" status="PASS">
          <reporter-output>
          </reporter-output>
        </test-method> <!-- loginpage15 -->
        <test-method is-config="true" signature="browserclose()[pri:0, instance:WelthSpring.NewTest@6340e5f0]" started-at="2024-03-19T11:13:06 IST" name="browserclose" finished-at="2024-03-19T11:13:07 IST" duration-ms="389" status="PASS">
          <reporter-output>
          </reporter-output>
        </test-method> <!-- browserclose -->
        <test-method is-config="true" signature="browserlaunch()[pri:0, instance:WelthSpring.NewTest@6340e5f0]" started-at="2024-03-19T11:13:07 IST" name="browserlaunch" finished-at="2024-03-19T11:13:09 IST" duration-ms="1982" status="PASS">
          <reporter-output>
          </reporter-output>
        </test-method> <!-- browserlaunch -->
        <test-method signature="loginpage16()[pri:0, instance:WelthSpring.NewTest@6340e5f0]" started-at="2024-03-19T11:13:09 IST" name="loginpage16" finished-at="2024-03-19T11:13:36 IST" duration-ms="27168" status="PASS">
          <reporter-output>
          </reporter-output>
        </test-method> <!-- loginpage16 -->
        <test-method is-config="true" signature="browserclose()[pri:0, instance:WelthSpring.NewTest@6340e5f0]" started-at="2024-03-19T11:13:36 IST" name="browserclose" finished-at="2024-03-19T11:13:36 IST" duration-ms="245" status="PASS">
          <reporter-output>
          </reporter-output>
        </test-method> <!-- browserclose -->
        <test-method is-config="true" signature="browserlaunch()[pri:0, instance:WelthSpring.NewTest@6340e5f0]" started-at="2024-03-19T11:13:36 IST" name="browserlaunch" finished-at="2024-03-19T11:13:37 IST" duration-ms="1377" status="PASS">
          <reporter-output>
          </reporter-output>
        </test-method> <!-- browserlaunch -->
        <test-method signature="loginpage17()[pri:0, instance:WelthSpring.NewTest@6340e5f0]" started-at="2024-03-19T11:13:37 IST" name="loginpage17" finished-at="2024-03-19T11:14:03 IST" duration-ms="25726" status="PASS">
          <reporter-output>
          </reporter-output>
        </test-method> <!-- loginpage17 -->
        <test-method is-config="true" signature="browserclose()[pri:0, instance:WelthSpring.NewTest@6340e5f0]" started-at="2024-03-19T11:14:03 IST" name="browserclose" finished-at="2024-03-19T11:14:03 IST" duration-ms="235" status="PASS">
          <reporter-output>
          </reporter-output>
        </test-method> <!-- browserclose -->
        <test-method is-config="true" signature="browserlaunch()[pri:0, instance:WelthSpring.NewTest@6340e5f0]" started-at="2024-03-19T11:14:03 IST" name="browserlaunch" finished-at="2024-03-19T11:14:05 IST" duration-ms="1789" status="PASS">
          <reporter-output>
          </reporter-output>
        </test-method> <!-- browserlaunch -->
        <test-method signature="loginpage18()[pri:0, instance:WelthSpring.NewTest@6340e5f0]" started-at="2024-03-19T11:14:05 IST" name="loginpage18" finished-at="2024-03-19T11:14:31 IST" duration-ms="25556" status="PASS">
          <reporter-output>
          </reporter-output>
        </test-method> <!-- loginpage18 -->
        <test-method is-config="true" signature="browserclose()[pri:0, instance:WelthSpring.NewTest@6340e5f0]" started-at="2024-03-19T11:14:31 IST" name="browserclose" finished-at="2024-03-19T11:14:31 IST" duration-ms="222" status="PASS">
          <reporter-output>
          </reporter-output>
        </test-method> <!-- browserclose -->
        <test-method is-config="true" signature="browserlaunch()[pri:0, instance:WelthSpring.NewTest@6340e5f0]" started-at="2024-03-19T11:14:31 IST" name="browserlaunch" finished-at="2024-03-19T11:14:33 IST" duration-ms="1909" status="PASS">
          <reporter-output>
          </reporter-output>
        </test-method> <!-- browserlaunch -->
        <test-method signature="loginpage19()[pri:0, instance:WelthSpring.NewTest@6340e5f0]" started-at="2024-03-19T11:14:33 IST" name="loginpage19" finished-at="2024-03-19T11:14:59 IST" duration-ms="26670" status="PASS">
          <reporter-output>
          </reporter-output>
        </test-method> <!-- loginpage19 -->
        <test-method is-config="true" signature="browserclose()[pri:0, instance:WelthSpring.NewTest@6340e5f0]" started-at="2024-03-19T11:14:59 IST" name="browserclose" finished-at="2024-03-19T11:15:00 IST" duration-ms="288" status="PASS">
          <reporter-output>
          </reporter-output>
        </test-method> <!-- browserclose -->
        <test-method is-config="true" signature="browserlaunch()[pri:0, instance:WelthSpring.NewTest@6340e5f0]" started-at="2024-03-19T11:15:00 IST" name="browserlaunch" finished-at="2024-03-19T11:15:01 IST" duration-ms="1495" status="PASS">
          <reporter-output>
          </reporter-output>
        </test-method> <!-- browserlaunch -->
        <test-method signature="loginpage2()[pri:0, instance:WelthSpring.NewTest@6340e5f0]" started-at="2024-03-19T11:15:01 IST" name="loginpage2" finished-at="2024-03-19T11:15:27 IST" duration-ms="25878" status="PASS">
          <reporter-output>
          </reporter-output>
        </test-method> <!-- loginpage2 -->
        <test-method is-config="true" signature="browserclose()[pri:0, instance:WelthSpring.NewTest@6340e5f0]" started-at="2024-03-19T11:15:27 IST" name="browserclose" finished-at="2024-03-19T11:15:27 IST" duration-ms="271" status="PASS">
          <reporter-output>
          </reporter-output>
        </test-method> <!-- browserclose -->
        <test-method is-config="true" signature="browserlaunch()[pri:0, instance:WelthSpring.NewTest@6340e5f0]" started-at="2024-03-19T11:15:27 IST" name="browserlaunch" finished-at="2024-03-19T11:15:29 IST" duration-ms="1333" status="PASS">
          <reporter-output>
          </reporter-output>
        </test-method> <!-- browserlaunch -->
        <test-method signature="loginpage20()[pri:0, instance:WelthSpring.NewTest@6340e5f0]" started-at="2024-03-19T11:15:29 IST" name="loginpage20" finished-at="2024-03-19T11:15:37 IST" duration-ms="8058" status="FAIL">
          <exception class="org.openqa.selenium.ElementClickInterceptedException">
            <message>
              <![CDATA[element click intercepted: Element <a href="javascript:void(0)" class="gray">...</a> is not clickable at point (931, 452). Other element would receive the click: <div class="filter-section zIndexUpFourLevel">...</div>
  (Session info: chrome=122.0.6261.129)
Build info: version: '4.18.1', revision: 'b1d3319b48'
System info: os.name: 'Windows 10', os.arch: 'amd64', os.version: '10.0', java.version: '17.0.10'
Driver info: org.openqa.selenium.chrome.ChromeDriver
Command: [6626a22eaf6b512b7177f064ee16af51, clickElement {id=f.40930745E965FF3F8B0118D46DD13D22.d.0C0C6519B31DA622A739E2FBD11B46EB.e.17}]
Capabilities {acceptInsecureCerts: false, browserName: chrome, browserVersion: 122.0.6261.129, chrome: {chromedriverVersion: 122.0.6261.128 (f18a44fedeb..., userDataDir: C:\Users\Anil\AppData\Local...}, fedcm:accounts: true, goog:chromeOptions: {debuggerAddress: localhost:57505}, networkConnectionEnabled: false, pageLoadStrategy: normal, platformName: windows, proxy: Proxy(), se:cdp: ws://localhost:57505/devtoo..., se:cdpVersion: 122.0.6261.129, setWindowRect: true, strictFileInteractability: false, timeouts: {implicit: 0, pageLoad: 300000, script: 30000}, unhandledPromptBehavior: dismiss and notify, webauthn:extension:credBlob: true, webauthn:extension:largeBlob: true, webauthn:extension:minPinLength: true, webauthn:extension:prf: true, webauthn:virtualAuthenticators: true}
Element: [[ChromeDriver: chrome on windows (6626a22eaf6b512b7177f064ee16af51)] -> xpath: //a[text()='Go to Report']]
Session ID: 6626a22eaf6b512b7177f064ee16af51]]>
            </message>
            <full-stacktrace>
              <![CDATA[org.openqa.selenium.ElementClickInterceptedException: element click intercepted: Element <a href="javascript:void(0)" class="gray">...</a> is not clickable at point (931, 452). Other element would receive the click: <div class="filter-section zIndexUpFourLevel">...</div>
  (Session info: chrome=122.0.6261.129)
Build info: version: '4.18.1', revision: 'b1d3319b48'
System info: os.name: 'Windows 10', os.arch: 'amd64', os.version: '10.0', java.version: '17.0.10'
Driver info: org.openqa.selenium.chrome.ChromeDriver
Command: [6626a22eaf6b512b7177f064ee16af51, clickElement {id=f.40930745E965FF3F8B0118D46DD13D22.d.0C0C6519B31DA622A739E2FBD11B46EB.e.17}]
Capabilities {acceptInsecureCerts: false, browserName: chrome, browserVersion: 122.0.6261.129, chrome: {chromedriverVersion: 122.0.6261.128 (f18a44fedeb..., userDataDir: C:\Users\Anil\AppData\Local...}, fedcm:accounts: true, goog:chromeOptions: {debuggerAddress: localhost:57505}, networkConnectionEnabled: false, pageLoadStrategy: normal, platformName: windows, proxy: Proxy(), se:cdp: ws://localhost:57505/devtoo..., se:cdpVersion: 122.0.6261.129, setWindowRect: true, strictFileInteractability: false, timeouts: {implicit: 0, pageLoad: 300000, script: 30000}, unhandledPromptBehavior: dismiss and notify, webauthn:extension:credBlob: true, webauthn:extension:largeBlob: true, webauthn:extension:minPinLength: true, webauthn:extension:prf: true, webauthn:virtualAuthenticators: true}
Element: [[ChromeDriver: chrome on windows (6626a22eaf6b512b7177f064ee16af51)] -> xpath: //a[text()='Go to Report']]
Session ID: 6626a22eaf6b512b7177f064ee16af51
at java.base/jdk.internal.reflect.NativeConstructorAccessorImpl.newInstance0(Native Method)
at java.base/jdk.internal.reflect.NativeConstructorAccessorImpl.newInstance(NativeConstructorAccessorImpl.java:77)
at java.base/jdk.internal.reflect.DelegatingConstructorAccessorImpl.newInstance(DelegatingConstructorAccessorImpl.java:45)
at java.base/java.lang.reflect.Constructor.newInstanceWithCaller(Constructor.java:499)
at java.base/java.lang.reflect.Constructor.newInstance(Constructor.java:480)
at org.openqa.selenium.remote.ErrorCodec.decode(ErrorCodec.java:167)
at org.openqa.selenium.remote.codec.w3c.W3CHttpResponseCodec.decode(W3CHttpResponseCodec.java:138)
at org.openqa.selenium.remote.codec.w3c.W3CHttpResponseCodec.decode(W3CHttpResponseCodec.java:50)
at org.openqa.selenium.remote.HttpCommandExecutor.execute(HttpCommandExecutor.java:190)
at org.openqa.selenium.remote.service.DriverCommandExecutor.invokeExecute(DriverCommandExecutor.java:216)
at org.openqa.selenium.remote.service.DriverCommandExecutor.execute(DriverCommandExecutor.java:174)
at org.openqa.selenium.remote.RemoteWebDriver.execute(RemoteWebDriver.java:519)
at org.openqa.selenium.remote.RemoteWebElement.execute(RemoteWebElement.java:223)
at org.openqa.selenium.remote.RemoteWebElement.click(RemoteWebElement.java:76)
at WelthSpring.NewTest.loginpage20(NewTest.java:1230)
at java.base/jdk.internal.reflect.NativeMethodAccessorImpl.invoke0(Native Method)
at java.base/jdk.internal.reflect.NativeMethodAccessorImpl.invoke(NativeMethodAccessorImpl.java:77)
at java.base/jdk.internal.reflect.DelegatingMethodAccessorImpl.invoke(DelegatingMethodAccessorImpl.java:43)
at java.base/java.lang.reflect.Method.invoke(Method.java:568)
at org.testng.internal.invokers.MethodInvocationHelper.invokeMethod(MethodInvocationHelper.java:139)
at org.testng.internal.invokers.TestInvoker.invokeMethod(TestInvoker.java:664)
at org.testng.internal.invokers.TestInvoker.invokeTestMethod(TestInvoker.java:228)
at org.testng.internal.invokers.MethodRunner.runInSequence(MethodRunner.java:63)
at org.testng.internal.invokers.TestInvoker$MethodInvocationAgent.invoke(TestInvoker.java:961)
at org.testng.internal.invokers.TestInvoker.invokeTestMethods(TestInvoker.java:201)
at org.testng.internal.invokers.TestMethodWorker.invokeTestMethods(TestMethodWorker.java:148)
at org.testng.internal.invokers.TestMethodWorker.run(TestMethodWorker.java:128)
at java.base/java.util.ArrayList.forEach(ArrayList.java:1511)
at org.testng.TestRunner.privateRun(TestRunner.java:819)
at org.testng.TestRunner.run(TestRunner.java:619)
at org.testng.SuiteRunner.runTest(SuiteRunner.java:443)
at org.testng.SuiteRunner.runSequentially(SuiteRunner.java:437)
at org.testng.SuiteRunner.privateRun(SuiteRunner.java:397)
at org.testng.SuiteRunner.run(SuiteRunner.java:336)
at org.testng.SuiteRunnerWorker.runSuite(SuiteRunnerWorker.java:52)
at org.testng.SuiteRunnerWorker.run(SuiteRunnerWorker.java:95)
at org.testng.TestNG.runSuitesSequentially(TestNG.java:1301)
at org.testng.TestNG.runSuitesLocally(TestNG.java:1228)
at org.testng.TestNG.runSuites(TestNG.java:1134)
at org.testng.TestNG.run(TestNG.java:1101)
at org.testng.remote.AbstractRemoteTestNG.run(AbstractRemoteTestNG.java:115)
at org.testng.remote.RemoteTestNG.initAndRun(RemoteTestNG.java:251)
at org.testng.remote.RemoteTestNG.main(RemoteTestNG.java:77)
]]>
            </full-stacktrace>
          </exception> <!-- org.openqa.selenium.ElementClickInterceptedException -->
          <reporter-output>
          </reporter-output>
        </test-method> <!-- loginpage20 -->
        <test-method is-config="true" signature="browserclose()[pri:0, instance:WelthSpring.NewTest@6340e5f0]" started-at="2024-03-19T11:15:37 IST" name="browserclose" finished-at="2024-03-19T11:15:37 IST" duration-ms="235" status="PASS">
          <reporter-output>
          </reporter-output>
        </test-method> <!-- browserclose -->
        <test-method is-config="true" signature="browserlaunch()[pri:0, instance:WelthSpring.NewTest@6340e5f0]" started-at="2024-03-19T11:15:37 IST" name="browserlaunch" finished-at="2024-03-19T11:15:38 IST" duration-ms="1386" status="PASS">
          <reporter-output>
          </reporter-output>
        </test-method> <!-- browserlaunch -->
        <test-method signature="loginpage21()[pri:0, instance:WelthSpring.NewTest@6340e5f0]" started-at="2024-03-19T11:15:38 IST" name="loginpage21" finished-at="2024-03-19T11:15:47 IST" duration-ms="8366" status="FAIL">
          <exception class="org.openqa.selenium.ElementClickInterceptedException">
            <message>
              <![CDATA[element click intercepted: Element <a href="javascript:void(0)" class="gray">...</a> is not clickable at point (931, 452). Other element would receive the click: <div class="filter-section zIndexUpFourLevel">...</div>
  (Session info: chrome=122.0.6261.129)
Build info: version: '4.18.1', revision: 'b1d3319b48'
System info: os.name: 'Windows 10', os.arch: 'amd64', os.version: '10.0', java.version: '17.0.10'
Driver info: org.openqa.selenium.chrome.ChromeDriver
Command: [d5a01299bcb7dd6e06f0cc1387e20be4, clickElement {id=f.A4DA22060EFF1D3131A0F7AC7A8923F5.d.36B8EB1E6DDC550CEBD0D0B267ABCA07.e.17}]
Capabilities {acceptInsecureCerts: false, browserName: chrome, browserVersion: 122.0.6261.129, chrome: {chromedriverVersion: 122.0.6261.128 (f18a44fedeb..., userDataDir: C:\Users\Anil\AppData\Local...}, fedcm:accounts: true, goog:chromeOptions: {debuggerAddress: localhost:57538}, networkConnectionEnabled: false, pageLoadStrategy: normal, platformName: windows, proxy: Proxy(), se:cdp: ws://localhost:57538/devtoo..., se:cdpVersion: 122.0.6261.129, setWindowRect: true, strictFileInteractability: false, timeouts: {implicit: 0, pageLoad: 300000, script: 30000}, unhandledPromptBehavior: dismiss and notify, webauthn:extension:credBlob: true, webauthn:extension:largeBlob: true, webauthn:extension:minPinLength: true, webauthn:extension:prf: true, webauthn:virtualAuthenticators: true}
Element: [[ChromeDriver: chrome on windows (d5a01299bcb7dd6e06f0cc1387e20be4)] -> xpath: //a[text()='Go to Report']]
Session ID: d5a01299bcb7dd6e06f0cc1387e20be4]]>
            </message>
            <full-stacktrace>
              <![CDATA[org.openqa.selenium.ElementClickInterceptedException: element click intercepted: Element <a href="javascript:void(0)" class="gray">...</a> is not clickable at point (931, 452). Other element would receive the click: <div class="filter-section zIndexUpFourLevel">...</div>
  (Session info: chrome=122.0.6261.129)
Build info: version: '4.18.1', revision: 'b1d3319b48'
System info: os.name: 'Windows 10', os.arch: 'amd64', os.version: '10.0', java.version: '17.0.10'
Driver info: org.openqa.selenium.chrome.ChromeDriver
Command: [d5a01299bcb7dd6e06f0cc1387e20be4, clickElement {id=f.A4DA22060EFF1D3131A0F7AC7A8923F5.d.36B8EB1E6DDC550CEBD0D0B267ABCA07.e.17}]
Capabilities {acceptInsecureCerts: false, browserName: chrome, browserVersion: 122.0.6261.129, chrome: {chromedriverVersion: 122.0.6261.128 (f18a44fedeb..., userDataDir: C:\Users\Anil\AppData\Local...}, fedcm:accounts: true, goog:chromeOptions: {debuggerAddress: localhost:57538}, networkConnectionEnabled: false, pageLoadStrategy: normal, platformName: windows, proxy: Proxy(), se:cdp: ws://localhost:57538/devtoo..., se:cdpVersion: 122.0.6261.129, setWindowRect: true, strictFileInteractability: false, timeouts: {implicit: 0, pageLoad: 300000, script: 30000}, unhandledPromptBehavior: dismiss and notify, webauthn:extension:credBlob: true, webauthn:extension:largeBlob: true, webauthn:extension:minPinLength: true, webauthn:extension:prf: true, webauthn:virtualAuthenticators: true}
Element: [[ChromeDriver: chrome on windows (d5a01299bcb7dd6e06f0cc1387e20be4)] -> xpath: //a[text()='Go to Report']]
Session ID: d5a01299bcb7dd6e06f0cc1387e20be4
at java.base/jdk.internal.reflect.NativeConstructorAccessorImpl.newInstance0(Native Method)
at java.base/jdk.internal.reflect.NativeConstructorAccessorImpl.newInstance(NativeConstructorAccessorImpl.java:77)
at java.base/jdk.internal.reflect.DelegatingConstructorAccessorImpl.newInstance(DelegatingConstructorAccessorImpl.java:45)
at java.base/java.lang.reflect.Constructor.newInstanceWithCaller(Constructor.java:499)
at java.base/java.lang.reflect.Constructor.newInstance(Constructor.java:480)
at org.openqa.selenium.remote.ErrorCodec.decode(ErrorCodec.java:167)
at org.openqa.selenium.remote.codec.w3c.W3CHttpResponseCodec.decode(W3CHttpResponseCodec.java:138)
at org.openqa.selenium.remote.codec.w3c.W3CHttpResponseCodec.decode(W3CHttpResponseCodec.java:50)
at org.openqa.selenium.remote.HttpCommandExecutor.execute(HttpCommandExecutor.java:190)
at org.openqa.selenium.remote.service.DriverCommandExecutor.invokeExecute(DriverCommandExecutor.java:216)
at org.openqa.selenium.remote.service.DriverCommandExecutor.execute(DriverCommandExecutor.java:174)
at org.openqa.selenium.remote.RemoteWebDriver.execute(RemoteWebDriver.java:519)
at org.openqa.selenium.remote.RemoteWebElement.execute(RemoteWebElement.java:223)
at org.openqa.selenium.remote.RemoteWebElement.click(RemoteWebElement.java:76)
at WelthSpring.NewTest.loginpage21(NewTest.java:1292)
at java.base/jdk.internal.reflect.NativeMethodAccessorImpl.invoke0(Native Method)
at java.base/jdk.internal.reflect.NativeMethodAccessorImpl.invoke(NativeMethodAccessorImpl.java:77)
at java.base/jdk.internal.reflect.DelegatingMethodAccessorImpl.invoke(DelegatingMethodAccessorImpl.java:43)
at java.base/java.lang.reflect.Method.invoke(Method.java:568)
at org.testng.internal.invokers.MethodInvocationHelper.invokeMethod(MethodInvocationHelper.java:139)
at org.testng.internal.invokers.TestInvoker.invokeMethod(TestInvoker.java:664)
at org.testng.internal.invokers.TestInvoker.invokeTestMethod(TestInvoker.java:228)
at org.testng.internal.invokers.MethodRunner.runInSequence(MethodRunner.java:63)
at org.testng.internal.invokers.TestInvoker$MethodInvocationAgent.invoke(TestInvoker.java:961)
at org.testng.internal.invokers.TestInvoker.invokeTestMethods(TestInvoker.java:201)
at org.testng.internal.invokers.TestMethodWorker.invokeTestMethods(TestMethodWorker.java:148)
at org.testng.internal.invokers.TestMethodWorker.run(TestMethodWorker.java:128)
at java.base/java.util.ArrayList.forEach(ArrayList.java:1511)
at org.testng.TestRunner.privateRun(TestRunner.java:819)
at org.testng.TestRunner.run(TestRunner.java:619)
at org.testng.SuiteRunner.runTest(SuiteRunner.java:443)
at org.testng.SuiteRunner.runSequentially(SuiteRunner.java:437)
at org.testng.SuiteRunner.privateRun(SuiteRunner.java:397)
at org.testng.SuiteRunner.run(SuiteRunner.java:336)
at org.testng.SuiteRunnerWorker.runSuite(SuiteRunnerWorker.java:52)
at org.testng.SuiteRunnerWorker.run(SuiteRunnerWorker.java:95)
at org.testng.TestNG.runSuitesSequentially(TestNG.java:1301)
at org.testng.TestNG.runSuitesLocally(TestNG.java:1228)
at org.testng.TestNG.runSuites(TestNG.java:1134)
at org.testng.TestNG.run(TestNG.java:1101)
at org.testng.remote.AbstractRemoteTestNG.run(AbstractRemoteTestNG.java:115)
at org.testng.remote.RemoteTestNG.initAndRun(RemoteTestNG.java:251)
at org.testng.remote.RemoteTestNG.main(RemoteTestNG.java:77)
]]>
            </full-stacktrace>
          </exception> <!-- org.openqa.selenium.ElementClickInterceptedException -->
          <reporter-output>
          </reporter-output>
        </test-method> <!-- loginpage21 -->
        <test-method is-config="true" signature="browserclose()[pri:0, instance:WelthSpring.NewTest@6340e5f0]" started-at="2024-03-19T11:15:47 IST" name="browserclose" finished-at="2024-03-19T11:15:47 IST" duration-ms="182" status="PASS">
          <reporter-output>
          </reporter-output>
        </test-method> <!-- browserclose -->
        <test-method is-config="true" signature="browserlaunch()[pri:0, instance:WelthSpring.NewTest@6340e5f0]" started-at="2024-03-19T11:15:47 IST" name="browserlaunch" finished-at="2024-03-19T11:15:48 IST" duration-ms="1319" status="PASS">
          <reporter-output>
          </reporter-output>
        </test-method> <!-- browserlaunch -->
        <test-method signature="loginpage3()[pri:0, instance:WelthSpring.NewTest@6340e5f0]" started-at="2024-03-19T11:15:48 IST" name="loginpage3" finished-at="2024-03-19T11:16:14 IST" duration-ms="26194" status="PASS">
          <reporter-output>
          </reporter-output>
        </test-method> <!-- loginpage3 -->
        <test-method is-config="true" signature="browserclose()[pri:0, instance:WelthSpring.NewTest@6340e5f0]" started-at="2024-03-19T11:16:14 IST" name="browserclose" finished-at="2024-03-19T11:16:15 IST" duration-ms="316" status="PASS">
          <reporter-output>
          </reporter-output>
        </test-method> <!-- browserclose -->
        <test-method is-config="true" signature="browserlaunch()[pri:0, instance:WelthSpring.NewTest@6340e5f0]" started-at="2024-03-19T11:16:15 IST" name="browserlaunch" finished-at="2024-03-19T11:16:16 IST" duration-ms="1383" status="PASS">
          <reporter-output>
          </reporter-output>
        </test-method> <!-- browserlaunch -->
        <test-method signature="loginpage4()[pri:0, instance:WelthSpring.NewTest@6340e5f0]" started-at="2024-03-19T11:16:16 IST" name="loginpage4" finished-at="2024-03-19T11:16:42 IST" duration-ms="25739" status="PASS">
          <reporter-output>
          </reporter-output>
        </test-method> <!-- loginpage4 -->
        <test-method is-config="true" signature="browserclose()[pri:0, instance:WelthSpring.NewTest@6340e5f0]" started-at="2024-03-19T11:16:42 IST" name="browserclose" finished-at="2024-03-19T11:16:42 IST" duration-ms="239" status="PASS">
          <reporter-output>
          </reporter-output>
        </test-method> <!-- browserclose -->
        <test-method is-config="true" signature="browserlaunch()[pri:0, instance:WelthSpring.NewTest@6340e5f0]" started-at="2024-03-19T11:16:42 IST" name="browserlaunch" finished-at="2024-03-19T11:16:43 IST" duration-ms="1160" status="PASS">
          <reporter-output>
          </reporter-output>
        </test-method> <!-- browserlaunch -->
        <test-method signature="loginpage5()[pri:0, instance:WelthSpring.NewTest@6340e5f0]" started-at="2024-03-19T11:16:43 IST" name="loginpage5" finished-at="2024-03-19T11:17:09 IST" duration-ms="25954" status="PASS">
          <reporter-output>
          </reporter-output>
        </test-method> <!-- loginpage5 -->
        <test-method is-config="true" signature="browserclose()[pri:0, instance:WelthSpring.NewTest@6340e5f0]" started-at="2024-03-19T11:17:09 IST" name="browserclose" finished-at="2024-03-19T11:17:10 IST" duration-ms="255" status="PASS">
          <reporter-output>
          </reporter-output>
        </test-method> <!-- browserclose -->
        <test-method is-config="true" signature="browserlaunch()[pri:0, instance:WelthSpring.NewTest@6340e5f0]" started-at="2024-03-19T11:17:10 IST" name="browserlaunch" finished-at="2024-03-19T11:17:11 IST" duration-ms="1178" status="PASS">
          <reporter-output>
          </reporter-output>
        </test-method> <!-- browserlaunch -->
        <test-method signature="loginpage6()[pri:0, instance:WelthSpring.NewTest@6340e5f0]" started-at="2024-03-19T11:17:11 IST" name="loginpage6" finished-at="2024-03-19T11:17:54 IST" duration-ms="42918" status="PASS">
          <reporter-output>
          </reporter-output>
        </test-method> <!-- loginpage6 -->
        <test-method is-config="true" signature="browserclose()[pri:0, instance:WelthSpring.NewTest@6340e5f0]" started-at="2024-03-19T11:17:54 IST" name="browserclose" finished-at="2024-03-19T11:17:54 IST" duration-ms="282" status="PASS">
          <reporter-output>
          </reporter-output>
        </test-method> <!-- browserclose -->
        <test-method is-config="true" signature="browserlaunch()[pri:0, instance:WelthSpring.NewTest@6340e5f0]" started-at="2024-03-19T11:17:54 IST" name="browserlaunch" finished-at="2024-03-19T11:17:55 IST" duration-ms="1465" status="PASS">
          <reporter-output>
          </reporter-output>
        </test-method> <!-- browserlaunch -->
        <test-method signature="loginpage7()[pri:0, instance:WelthSpring.NewTest@6340e5f0]" started-at="2024-03-19T11:17:55 IST" name="loginpage7" finished-at="2024-03-19T11:18:22 IST" duration-ms="26338" status="PASS">
          <reporter-output>
          </reporter-output>
        </test-method> <!-- loginpage7 -->
        <test-method is-config="true" signature="browserclose()[pri:0, instance:WelthSpring.NewTest@6340e5f0]" started-at="2024-03-19T11:18:22 IST" name="browserclose" finished-at="2024-03-19T11:18:22 IST" duration-ms="276" status="PASS">
          <reporter-output>
          </reporter-output>
        </test-method> <!-- browserclose -->
        <test-method is-config="true" signature="browserlaunch()[pri:0, instance:WelthSpring.NewTest@6340e5f0]" started-at="2024-03-19T11:18:22 IST" name="browserlaunch" finished-at="2024-03-19T11:18:23 IST" duration-ms="1126" status="PASS">
          <reporter-output>
          </reporter-output>
        </test-method> <!-- browserlaunch -->
        <test-method signature="loginpage8()[pri:0, instance:WelthSpring.NewTest@6340e5f0]" started-at="2024-03-19T11:18:23 IST" name="loginpage8" finished-at="2024-03-19T11:18:50 IST" duration-ms="26548" status="PASS">
          <reporter-output>
          </reporter-output>
        </test-method> <!-- loginpage8 -->
        <test-method is-config="true" signature="browserclose()[pri:0, instance:WelthSpring.NewTest@6340e5f0]" started-at="2024-03-19T11:18:50 IST" name="browserclose" finished-at="2024-03-19T11:18:50 IST" duration-ms="259" status="PASS">
          <reporter-output>
          </reporter-output>
        </test-method> <!-- browserclose -->
        <test-method is-config="true" signature="browserlaunch()[pri:0, instance:WelthSpring.NewTest@6340e5f0]" started-at="2024-03-19T11:18:50 IST" name="browserlaunch" finished-at="2024-03-19T11:18:51 IST" duration-ms="1211" status="PASS">
          <reporter-output>
          </reporter-output>
        </test-method> <!-- browserlaunch -->
        <test-method signature="loginpage9()[pri:0, instance:WelthSpring.NewTest@6340e5f0]" started-at="2024-03-19T11:18:51 IST" name="loginpage9" finished-at="2024-03-19T11:19:17 IST" duration-ms="25857" status="PASS">
          <reporter-output>
          </reporter-output>
        </test-method> <!-- loginpage9 -->
        <test-method is-config="true" signature="browserclose()[pri:0, instance:WelthSpring.NewTest@6340e5f0]" started-at="2024-03-19T11:19:17 IST" name="browserclose" finished-at="2024-03-19T11:19:17 IST" duration-ms="275" status="PASS">
          <reporter-output>
          </reporter-output>
        </test-method> <!-- browserclose -->
      </class> <!-- WelthSpring.NewTest -->
    </test> <!-- Default test -->
  </suite> <!-- Default suite -->
</testng-results>
